<?xml version="1.0" encoding="UTF-8"?>
<testsuite name="Spek" tests="2" skipped="0" failures="0" errors="0" time="0.008" hostname="cv-598tj32" timestamp="2017-05-18T12:41:09">
<properties>
<property name="awt.toolkit" value="sun.awt.windows.WToolkit"/>
<property name="file.encoding" value="windows-1252"/>
<property name="file.encoding.pkg" value="sun.io"/>
<property name="file.separator" value="\"/>
<property name="java.awt.graphicsenv" value="sun.awt.Win32GraphicsEnvironment"/>
<property name="java.awt.printerjob" value="sun.awt.windows.WPrinterJob"/>
<property name="java.class.path" value="C:\Users\eugene.yamenko\IdeaProjects\kotlinx.css\build\classes\test;C:\Users\eugene.yamenko\IdeaProjects\kotlinx.css\build\resources\test;C:\Users\eugene.yamenko\IdeaProjects\kotlinx.css\build\classes\main;C:\Users\eugene.yamenko\IdeaProjects\kotlinx.css\build\resources\main;C:\Users\eugene.yamenko\.gradle\caches\modules-2\files-2.1\org.jetbrains.kotlin\kotlin-stdlib\1.1.2-2\2b22828f027e103dcd45f3aa240338bfdb53d16b\kotlin-stdlib-1.1.2-2.jar;C:\Users\eugene.yamenko\.gradle\caches\modules-2\files-2.1\org.jetbrains.kotlin\kotlin-test\1.1.2-2\5df5b0edbe06217411883e978c97e08aeba5e561\kotlin-test-1.1.2-2.jar;C:\Users\eugene.yamenko\.gradle\caches\modules-2\files-2.1\org.jetbrains.kotlin\kotlin-reflect\1.1.2-2\4d5466446af234c9dde2f7debbac8b4eb9534a15\kotlin-reflect-1.1.2-2.jar;C:\Users\eugene.yamenko\.gradle\caches\modules-2\files-2.1\org.jetbrains.spek\spek-api\1.1.1\c7b131aba812ecfdcf934f64bba48d0aa9e80ade\spek-api-1.1.1.jar;C:\Users\eugene.yamenko\.gradle\caches\modules-2\files-2.1\org.jetbrains.spek\spek-junit-platform-engine\1.1.1\ead60624f3e7351e7e3962c7b48c0b424062d66a\spek-junit-platform-engine-1.1.1.jar;C:\Users\eugene.yamenko\.gradle\caches\modules-2\files-2.1\org.jetbrains\annotations\13.0\919f0dfe192fb4e063e7dacadee7f8bb9a2672a9\annotations-13.0.jar;C:\Users\eugene.yamenko\.gradle\caches\modules-2\files-2.1\org.junit.platform\junit-platform-launcher\1.0.0-M4\d4e3657bc7cf204d6b9b55f0387fedc6eaad55fa\junit-platform-launcher-1.0.0-M4.jar;C:\Users\eugene.yamenko\.gradle\caches\modules-2\files-2.1\org.junit.platform\junit-platform-console\1.0.0-M4\82da9da502b1fe187bed5f5152746696aad19fae\junit-platform-console-1.0.0-M4.jar;C:\Users\eugene.yamenko\.gradle\caches\modules-2\files-2.1\org.junit.platform\junit-platform-engine\1.0.0-M4\5e65bdd2d623dfc6a405911a6449f2c60808b0af\junit-platform-engine-1.0.0-M4.jar;C:\Users\eugene.yamenko\.gradle\caches\modules-2\files-2.1\org.junit.platform\junit-platform-commons\1.0.0-M4\359eb461814bd7356de541d131d45473d394a168\junit-platform-commons-1.0.0-M4.jar;C:\Users\eugene.yamenko\.gradle\caches\modules-2\files-2.1\org.opentest4j\opentest4j\1.0.0-M2\e2caa64702a83336d3dd32c7f69c1f092156df6d\opentest4j-1.0.0-M2.jar"/>
<property name="java.class.version" value="52.0"/>
<property name="java.endorsed.dirs" value="C:\Program Files\Java\jdk1.8.0_131\jre\lib\endorsed"/>
<property name="java.ext.dirs" value="C:\Program Files\Java\jdk1.8.0_131\jre\lib\ext;C:\Windows\Sun\Java\lib\ext"/>
<property name="java.home" value="C:\Program Files\Java\jdk1.8.0_131\jre"/>
<property name="java.io.tmpdir" value="C:\Users\EUGENE~1.YAM\AppData\Local\Temp\"/>
<property name="java.library.path" value="C:\Program Files\Java\jdk1.8.0_131\bin;C:\Windows\Sun\Java\bin;C:\Windows\system32;C:\Windows;C:\ProgramData\Oracle\Java\javapath;C:\Windows\system32;C:\Windows;C:\Windows\System32\Wbem;C:\Windows\System32\WindowsPowerShell\v1.0\;C:\Program Files\Microsoft SQL Server\130\Tools\Binn\;C:\Program Files\Git\cmd;C:\Program Files\nodejs\;C:\Program Files (x86)\Microsoft SQL Server\Client SDK\ODBC\130\Tools\Binn\;C:\Program Files (x86)\Microsoft SQL Server\130\Tools\Binn\;C:\Program Files (x86)\Microsoft SQL Server\130\DTS\Binn\;C:\Program Files (x86)\Microsoft SQL Server\130\Tools\Binn\ManagementStudio\;C:\Program Files\dotnet\;C:\Users\eugene.yamenko\AppData\Local\Microsoft\WindowsApps;C:\Users\eugene.yamenko\AppData\Roaming\npm;C:\Program Files (x86)\Microsoft VS Code\bin;."/>
<property name="java.runtime.name" value="Java(TM) SE Runtime Environment"/>
<property name="java.runtime.version" value="1.8.0_131-b11"/>
<property name="java.specification.name" value="Java Platform API Specification"/>
<property name="java.specification.vendor" value="Oracle Corporation"/>
<property name="java.specification.version" value="1.8"/>
<property name="java.vendor" value="Oracle Corporation"/>
<property name="java.vendor.url" value="http://java.oracle.com/"/>
<property name="java.vendor.url.bug" value="http://bugreport.sun.com/bugreport/"/>
<property name="java.version" value="1.8.0_131"/>
<property name="java.vm.info" value="mixed mode"/>
<property name="java.vm.name" value="Java HotSpot(TM) 64-Bit Server VM"/>
<property name="java.vm.specification.name" value="Java Virtual Machine Specification"/>
<property name="java.vm.specification.vendor" value="Oracle Corporation"/>
<property name="java.vm.specification.version" value="1.8"/>
<property name="java.vm.vendor" value="Oracle Corporation"/>
<property name="java.vm.version" value="25.131-b11"/>
<property name="line.separator" value="
"/>
<property name="os.arch" value="amd64"/>
<property name="os.name" value="Windows 10"/>
<property name="os.version" value="10.0"/>
<property name="path.separator" value=";"/>
<property name="sun.arch.data.model" value="64"/>
<property name="sun.boot.class.path" value="C:\Program Files\Java\jdk1.8.0_131\jre\lib\resources.jar;C:\Program Files\Java\jdk1.8.0_131\jre\lib\rt.jar;C:\Program Files\Java\jdk1.8.0_131\jre\lib\sunrsasign.jar;C:\Program Files\Java\jdk1.8.0_131\jre\lib\jsse.jar;C:\Program Files\Java\jdk1.8.0_131\jre\lib\jce.jar;C:\Program Files\Java\jdk1.8.0_131\jre\lib\charsets.jar;C:\Program Files\Java\jdk1.8.0_131\jre\lib\jfr.jar;C:\Program Files\Java\jdk1.8.0_131\jre\classes"/>
<property name="sun.boot.library.path" value="C:\Program Files\Java\jdk1.8.0_131\jre\bin"/>
<property name="sun.cpu.endian" value="little"/>
<property name="sun.cpu.isalist" value="amd64"/>
<property name="sun.desktop" value="windows"/>
<property name="sun.io.unicode.encoding" value="UnicodeLittle"/>
<property name="sun.java.command" value="org.junit.platform.console.ConsoleLauncher --details NONE --scan-class-path C:\Users\eugene.yamenko\IdeaProjects\kotlinx.css\build\classes\main;C:\Users\eugene.yamenko\IdeaProjects\kotlinx.css\build\resources\main;C:\Users\eugene.yamenko\IdeaProjects\kotlinx.css\build\classes\test;C:\Users\eugene.yamenko\IdeaProjects\kotlinx.css\build\resources\test -n ^.*Tests?$ -e spek --reports-dir C:\Users\eugene.yamenko\IdeaProjects\kotlinx.css\build\test-results\junit-platform"/>
<property name="sun.java.launcher" value="SUN_STANDARD"/>
<property name="sun.jnu.encoding" value="Cp1252"/>
<property name="sun.management.compiler" value="HotSpot 64-Bit Tiered Compilers"/>
<property name="sun.os.patch.level" value=""/>
<property name="user.country" value="AU"/>
<property name="user.dir" value="C:\Users\eugene.yamenko\IdeaProjects\kotlinx.css"/>
<property name="user.home" value="C:\Users\eugene.yamenko"/>
<property name="user.language" value="en"/>
<property name="user.name" value="eugene.yamenko"/>
<property name="user.script" value=""/>
<property name="user.timezone" value="Australia/Sydney"/>
<property name="user.variant" value=""/>
</properties>
<testcase name="it should construct a simple css" classname="given a css builder" time="0.005">
<system-out><![CDATA[
unique-id: [engine:spek]/[spec:CssBuilderSpec]/[group:given a css builder]/[test:it should construct a simple css]
display-name: it should construct a simple css
]]></system-out>
</testcase>
<testcase name="it should construct css with nested elements" classname="given a css builder" time="0">
<system-out><![CDATA[
unique-id: [engine:spek]/[spec:CssBuilderSpec]/[group:given a css builder]/[test:it should construct css with nested elements]
display-name: it should construct css with nested elements
]]></system-out>
</testcase>
<system-out><![CDATA[
unique-id: [engine:spek]
display-name: Spek
]]></system-out>
</testsuite>
