<?xml version="1.0" encoding="UTF-8"?>
<testsuite name="Spek" tests="3" skipped="0" failures="0" errors="0" time="0.012" hostname="Eugenes-MacBook-Pro.local" timestamp="2017-05-19T20:28:32">
<properties>
<property name="awt.toolkit" value="sun.lwawt.macosx.LWCToolkit"/>
<property name="file.encoding" value="UTF-8"/>
<property name="file.encoding.pkg" value="sun.io"/>
<property name="file.separator" value="/"/>
<property name="ftp.nonProxyHosts" value="local|*.local|169.254/16|*.169.254/16"/>
<property name="gopherProxySet" value="false"/>
<property name="http.nonProxyHosts" value="local|*.local|169.254/16|*.169.254/16"/>
<property name="java.awt.graphicsenv" value="sun.awt.CGraphicsEnvironment"/>
<property name="java.awt.printerjob" value="sun.lwawt.macosx.CPrinterJob"/>
<property name="java.class.path" value="/Users/eugene/Documents/kotlinx.css/build/classes/test:/Users/eugene/Documents/kotlinx.css/build/resources/test:/Users/eugene/Documents/kotlinx.css/build/classes/main:/Users/eugene/Documents/kotlinx.css/build/resources/main:/Users/eugene/.gradle/caches/modules-2/files-2.1/org.jetbrains.kotlin/kotlin-stdlib/1.1.2-2/2b22828f027e103dcd45f3aa240338bfdb53d16b/kotlin-stdlib-1.1.2-2.jar:/Users/eugene/.gradle/caches/modules-2/files-2.1/org.jetbrains.kotlin/kotlin-test/1.1.2-2/5df5b0edbe06217411883e978c97e08aeba5e561/kotlin-test-1.1.2-2.jar:/Users/eugene/.gradle/caches/modules-2/files-2.1/org.jetbrains.kotlin/kotlin-reflect/1.1.2-2/4d5466446af234c9dde2f7debbac8b4eb9534a15/kotlin-reflect-1.1.2-2.jar:/Users/eugene/.gradle/caches/modules-2/files-2.1/org.jetbrains.spek/spek-api/1.1.1/c7b131aba812ecfdcf934f64bba48d0aa9e80ade/spek-api-1.1.1.jar:/Users/eugene/.gradle/caches/modules-2/files-2.1/org.jetbrains.spek/spek-junit-platform-engine/1.1.1/ead60624f3e7351e7e3962c7b48c0b424062d66a/spek-junit-platform-engine-1.1.1.jar:/Users/eugene/.gradle/caches/modules-2/files-2.1/org.jetbrains/annotations/13.0/919f0dfe192fb4e063e7dacadee7f8bb9a2672a9/annotations-13.0.jar:/Users/eugene/.gradle/caches/modules-2/files-2.1/org.junit.platform/junit-platform-launcher/1.0.0-M4/d4e3657bc7cf204d6b9b55f0387fedc6eaad55fa/junit-platform-launcher-1.0.0-M4.jar:/Users/eugene/.gradle/caches/modules-2/files-2.1/org.junit.platform/junit-platform-console/1.0.0-M4/82da9da502b1fe187bed5f5152746696aad19fae/junit-platform-console-1.0.0-M4.jar:/Users/eugene/.gradle/caches/modules-2/files-2.1/org.junit.platform/junit-platform-engine/1.0.0-M4/5e65bdd2d623dfc6a405911a6449f2c60808b0af/junit-platform-engine-1.0.0-M4.jar:/Users/eugene/.gradle/caches/modules-2/files-2.1/org.junit.platform/junit-platform-commons/1.0.0-M4/359eb461814bd7356de541d131d45473d394a168/junit-platform-commons-1.0.0-M4.jar:/Users/eugene/.gradle/caches/modules-2/files-2.1/org.opentest4j/opentest4j/1.0.0-M2/e2caa64702a83336d3dd32c7f69c1f092156df6d/opentest4j-1.0.0-M2.jar"/>
<property name="java.class.version" value="52.0"/>
<property name="java.endorsed.dirs" value="/Library/Java/JavaVirtualMachines/jdk1.8.0_131.jdk/Contents/Home/jre/lib/endorsed"/>
<property name="java.ext.dirs" value="/Users/eugene/Library/Java/Extensions:/Library/Java/JavaVirtualMachines/jdk1.8.0_131.jdk/Contents/Home/jre/lib/ext:/Library/Java/Extensions:/Network/Library/Java/Extensions:/System/Library/Java/Extensions:/usr/lib/java"/>
<property name="java.home" value="/Library/Java/JavaVirtualMachines/jdk1.8.0_131.jdk/Contents/Home/jre"/>
<property name="java.io.tmpdir" value="/var/folders/d8/h00kxzc92hqc49148yhx14_w0000gn/T/"/>
<property name="java.library.path" value="/Users/eugene/Library/Java/Extensions:/Library/Java/Extensions:/Network/Library/Java/Extensions:/System/Library/Java/Extensions:/usr/lib/java:."/>
<property name="java.runtime.name" value="Java(TM) SE Runtime Environment"/>
<property name="java.runtime.version" value="1.8.0_131-b11"/>
<property name="java.specification.name" value="Java Platform API Specification"/>
<property name="java.specification.vendor" value="Oracle Corporation"/>
<property name="java.specification.version" value="1.8"/>
<property name="java.vendor" value="Oracle Corporation"/>
<property name="java.vendor.url" value="http://java.oracle.com/"/>
<property name="java.vendor.url.bug" value="http://bugreport.sun.com/bugreport/"/>
<property name="java.version" value="1.8.0_131"/>
<property name="java.vm.info" value="mixed mode"/>
<property name="java.vm.name" value="Java HotSpot(TM) 64-Bit Server VM"/>
<property name="java.vm.specification.name" value="Java Virtual Machine Specification"/>
<property name="java.vm.specification.vendor" value="Oracle Corporation"/>
<property name="java.vm.specification.version" value="1.8"/>
<property name="java.vm.vendor" value="Oracle Corporation"/>
<property name="java.vm.version" value="25.131-b11"/>
<property name="line.separator" value="
"/>
<property name="os.arch" value="x86_64"/>
<property name="os.name" value="Mac OS X"/>
<property name="os.version" value="10.12.5"/>
<property name="path.separator" value=":"/>
<property name="socksNonProxyHosts" value="local|*.local|169.254/16|*.169.254/16"/>
<property name="sun.arch.data.model" value="64"/>
<property name="sun.boot.class.path" value="/Library/Java/JavaVirtualMachines/jdk1.8.0_131.jdk/Contents/Home/jre/lib/resources.jar:/Library/Java/JavaVirtualMachines/jdk1.8.0_131.jdk/Contents/Home/jre/lib/rt.jar:/Library/Java/JavaVirtualMachines/jdk1.8.0_131.jdk/Contents/Home/jre/lib/sunrsasign.jar:/Library/Java/JavaVirtualMachines/jdk1.8.0_131.jdk/Contents/Home/jre/lib/jsse.jar:/Library/Java/JavaVirtualMachines/jdk1.8.0_131.jdk/Contents/Home/jre/lib/jce.jar:/Library/Java/JavaVirtualMachines/jdk1.8.0_131.jdk/Contents/Home/jre/lib/charsets.jar:/Library/Java/JavaVirtualMachines/jdk1.8.0_131.jdk/Contents/Home/jre/lib/jfr.jar:/Library/Java/JavaVirtualMachines/jdk1.8.0_131.jdk/Contents/Home/jre/classes"/>
<property name="sun.boot.library.path" value="/Library/Java/JavaVirtualMachines/jdk1.8.0_131.jdk/Contents/Home/jre/lib"/>
<property name="sun.cpu.endian" value="little"/>
<property name="sun.cpu.isalist" value=""/>
<property name="sun.io.unicode.encoding" value="UnicodeBig"/>
<property name="sun.java.command" value="org.junit.platform.console.ConsoleLauncher --details NONE --scan-class-path /Users/eugene/Documents/kotlinx.css/build/classes/main:/Users/eugene/Documents/kotlinx.css/build/resources/main:/Users/eugene/Documents/kotlinx.css/build/classes/test:/Users/eugene/Documents/kotlinx.css/build/resources/test -n ^.*Tests?$ -e spek --reports-dir /Users/eugene/Documents/kotlinx.css/build/test-results/junit-platform"/>
<property name="sun.java.launcher" value="SUN_STANDARD"/>
<property name="sun.jnu.encoding" value="UTF-8"/>
<property name="sun.management.compiler" value="HotSpot 64-Bit Tiered Compilers"/>
<property name="sun.os.patch.level" value="unknown"/>
<property name="user.country" value="AU"/>
<property name="user.dir" value="/Users/eugene/Documents/kotlinx.css"/>
<property name="user.home" value="/Users/eugene"/>
<property name="user.language" value="en"/>
<property name="user.name" value="eugene"/>
<property name="user.timezone" value="Australia/Sydney"/>
<property name="user.variant" value=""/>
</properties>
<testcase name="it should construct a simple css" classname="given a css builder" time="0.006">
<system-out><![CDATA[
unique-id: [engine:spek]/[spec:CssBuilderSpec]/[group:given a css builder]/[test:it should construct a simple css]
display-name: it should construct a simple css
]]></system-out>
</testcase>
<testcase name="it should construct css with a nested element" classname="given a css builder" time="0.001">
<system-out><![CDATA[
unique-id: [engine:spek]/[spec:CssBuilderSpec]/[group:given a css builder]/[test:it should construct css with a nested element]
display-name: it should construct css with a nested element
]]></system-out>
</testcase>
<testcase name="it should construct css with nested elements and advanced properties" classname="given a css builder" time="0.001">
<system-out><![CDATA[
unique-id: [engine:spek]/[spec:CssBuilderSpec]/[group:given a css builder]/[test:it should construct css with nested elements and advanced properties]
display-name: it should construct css with nested elements and advanced properties
]]></system-out>
</testcase>
<system-out><![CDATA[
unique-id: [engine:spek]
display-name: Spek
]]></system-out>
</testsuite>
